{"uuid":"612fc8f2-c5e2-401a-b854-0477c14ec1c3","historyId":"173ae0f25d21b54edbc00b2378ad1c59","testCaseId":"790044b9f86835ac531b4eab8f04dbdb","fullName":"src/test/java/features/productsTocart.feature:7","labels":[{"name":"tag","value":"cart"},{"name":"tag","value":"add"},{"name":"host","value":"GK-Laptop"},{"name":"thread","value":"2548@GK-Laptop.main(1)"},{"name":"feature","value":"Successfull Checkout of the cart"},{"name":"story","value":"Add products to cart"},{"name":"suite","value":"Successfull Checkout of the cart"},{"name":"testClass","value":"Add products to cart"},{"name":"framework","value":"cucumber4jvm"},{"name":"language","value":"java"},{"name":"gherkin_uri","value":"file:///G:/Testing/Learnings/Eclipse/BlissPads/src/test/java/features/productsTocart.feature"},{"name":"package","value":"src.test.java.features.productsTocart_feature.Successfull Checkout of the cart"}],"links":[],"name":"Add products to cart","status":"broken","statusDetails":{"known":false,"muted":false,"flaky":false,"message":"element click intercepted: Element is not clickable at point (527, 743)\n  (Session info: chrome=134.0.6998.178)\nBuild info: version: '4.28.1', revision: '73f5ad48a2'\nSystem info: os.name: 'Windows 11', os.arch: 'amd64', os.version: '10.0', java.version: '21.0.4'\nDriver info: org.openqa.selenium.chrome.ChromeDriver\nCommand: [c55664a1fb118ea2f2d73d993a40e990, clickElement {id=f.BFDE23CA00CB49540F218709CE6E7955.d.A65537E4AD76901856885A46F7890905.e.246}]\nCapabilities {acceptInsecureCerts: false, browserName: chrome, browserVersion: 134.0.6998.178, chrome: {chromedriverVersion: 134.0.6998.165 (fd886e2cb29..., userDataDir: C:\\Users\\GOPALA~1\\AppData\\L...}, fedcm:accounts: true, goog:chromeOptions: {debuggerAddress: localhost:64198}, networkConnectionEnabled: false, pageLoadStrategy: normal, platformName: windows, proxy: Proxy(), se:cdp: ws://localhost:64198/devtoo..., se:cdpVersion: 134.0.6998.178, setWindowRect: true, strictFileInteractability: false, timeouts: {implicit: 0, pageLoad: 300000, script: 30000}, unhandledPromptBehavior: dismiss and notify, webauthn:extension:credBlob: true, webauthn:extension:largeBlob: true, webauthn:extension:minPinLength: true, webauthn:extension:prf: true, webauthn:virtualAuthenticators: true}\nElement: [[ChromeDriver: chrome on windows (c55664a1fb118ea2f2d73d993a40e990)] -> xpath: //span[contains(text(),\"Select options\")]]\nSession ID: c55664a1fb118ea2f2d73d993a40e990","trace":"org.openqa.selenium.ElementClickInterceptedException: element click intercepted: Element is not clickable at point (527, 743)\n  (Session info: chrome=134.0.6998.178)\nBuild info: version: '4.28.1', revision: '73f5ad48a2'\nSystem info: os.name: 'Windows 11', os.arch: 'amd64', os.version: '10.0', java.version: '21.0.4'\nDriver info: org.openqa.selenium.chrome.ChromeDriver\nCommand: [c55664a1fb118ea2f2d73d993a40e990, clickElement {id=f.BFDE23CA00CB49540F218709CE6E7955.d.A65537E4AD76901856885A46F7890905.e.246}]\nCapabilities {acceptInsecureCerts: false, browserName: chrome, browserVersion: 134.0.6998.178, chrome: {chromedriverVersion: 134.0.6998.165 (fd886e2cb29..., userDataDir: C:\\Users\\GOPALA~1\\AppData\\L...}, fedcm:accounts: true, goog:chromeOptions: {debuggerAddress: localhost:64198}, networkConnectionEnabled: false, pageLoadStrategy: normal, platformName: windows, proxy: Proxy(), se:cdp: ws://localhost:64198/devtoo..., se:cdpVersion: 134.0.6998.178, setWindowRect: true, strictFileInteractability: false, timeouts: {implicit: 0, pageLoad: 300000, script: 30000}, unhandledPromptBehavior: dismiss and notify, webauthn:extension:credBlob: true, webauthn:extension:largeBlob: true, webauthn:extension:minPinLength: true, webauthn:extension:prf: true, webauthn:virtualAuthenticators: true}\nElement: [[ChromeDriver: chrome on windows (c55664a1fb118ea2f2d73d993a40e990)] -> xpath: //span[contains(text(),\"Select options\")]]\nSession ID: c55664a1fb118ea2f2d73d993a40e990\r\n\tat java.base/jdk.internal.reflect.DirectConstructorHandleAccessor.newInstance(DirectConstructorHandleAccessor.java:62)\r\n\tat java.base/java.lang.reflect.Constructor.newInstanceWithCaller(Constructor.java:502)\r\n\tat java.base/java.lang.reflect.Constructor.newInstance(Constructor.java:486)\r\n\tat org.openqa.selenium.remote.ErrorCodec.decode(ErrorCodec.java:167)\r\n\tat org.openqa.selenium.remote.codec.w3c.W3CHttpResponseCodec.decode(W3CHttpResponseCodec.java:138)\r\n\tat org.openqa.selenium.remote.codec.w3c.W3CHttpResponseCodec.decode(W3CHttpResponseCodec.java:50)\r\n\tat org.openqa.selenium.remote.HttpCommandExecutor.execute(HttpCommandExecutor.java:215)\r\n\tat org.openqa.selenium.remote.service.DriverCommandExecutor.invokeExecute(DriverCommandExecutor.java:216)\r\n\tat org.openqa.selenium.remote.service.DriverCommandExecutor.execute(DriverCommandExecutor.java:174)\r\n\tat org.openqa.selenium.remote.RemoteWebDriver.execute(RemoteWebDriver.java:545)\r\n\tat org.openqa.selenium.remote.RemoteWebElement.execute(RemoteWebElement.java:223)\r\n\tat org.openqa.selenium.remote.RemoteWebElement.click(RemoteWebElement.java:76)\r\n\tat java.base/jdk.internal.reflect.DirectMethodHandleAccessor.invoke(DirectMethodHandleAccessor.java:103)\r\n\tat java.base/java.lang.reflect.Method.invoke(Method.java:580)\r\n\tat org.openqa.selenium.support.pagefactory.internal.LocatingElementHandler.invoke(LocatingElementHandler.java:51)\r\n\tat jdk.proxy2/jdk.proxy2.$Proxy23.click(Unknown Source)\r\n\tat pageObjects.cartPageObj.selectOptions(cartPageObj.java:54)\r\n\tat stepDefinitions.cartStepDef.select_the_product(cartStepDef.java:61)\r\n\tat ✽.Select the product(file:///G:/Testing/Learnings/Eclipse/BlissPads/src/test/java/features/productsTocart.feature:11)\r\n"},"stage":"finished","description":"  I want to checkout the cart after sucessfully adding the products","steps":[{"name":"Given I want to land in Blisspad Website","status":"passed","statusDetails":{"known":false,"muted":false,"flaky":false},"stage":"finished","steps":[],"attachments":[],"parameters":[],"start":1743575455869,"stop":1743575466208},{"name":"And I click on Sanitary Napkins tab","status":"passed","statusDetails":{"known":false,"muted":false,"flaky":false},"stage":"finished","steps":[],"attachments":[],"parameters":[],"start":1743575466209,"stop":1743575467605},{"name":"When I apply filters","status":"passed","statusDetails":{"known":false,"muted":false,"flaky":false},"stage":"finished","steps":[],"attachments":[],"parameters":[],"start":1743575467605,"stop":1743575474292},{"name":"And Select the product","status":"broken","statusDetails":{"known":false,"muted":false,"flaky":false,"message":"element click intercepted: Element is not clickable at point (527, 743)\n  (Session info: chrome=134.0.6998.178)\nBuild info: version: '4.28.1', revision: '73f5ad48a2'\nSystem info: os.name: 'Windows 11', os.arch: 'amd64', os.version: '10.0', java.version: '21.0.4'\nDriver info: org.openqa.selenium.chrome.ChromeDriver\nCommand: [c55664a1fb118ea2f2d73d993a40e990, clickElement {id=f.BFDE23CA00CB49540F218709CE6E7955.d.A65537E4AD76901856885A46F7890905.e.246}]\nCapabilities {acceptInsecureCerts: false, browserName: chrome, browserVersion: 134.0.6998.178, chrome: {chromedriverVersion: 134.0.6998.165 (fd886e2cb29..., userDataDir: C:\\Users\\GOPALA~1\\AppData\\L...}, fedcm:accounts: true, goog:chromeOptions: {debuggerAddress: localhost:64198}, networkConnectionEnabled: false, pageLoadStrategy: normal, platformName: windows, proxy: Proxy(), se:cdp: ws://localhost:64198/devtoo..., se:cdpVersion: 134.0.6998.178, setWindowRect: true, strictFileInteractability: false, timeouts: {implicit: 0, pageLoad: 300000, script: 30000}, unhandledPromptBehavior: dismiss and notify, webauthn:extension:credBlob: true, webauthn:extension:largeBlob: true, webauthn:extension:minPinLength: true, webauthn:extension:prf: true, webauthn:virtualAuthenticators: true}\nElement: [[ChromeDriver: chrome on windows (c55664a1fb118ea2f2d73d993a40e990)] -> xpath: //span[contains(text(),\"Select options\")]]\nSession ID: c55664a1fb118ea2f2d73d993a40e990","trace":"org.openqa.selenium.ElementClickInterceptedException: element click intercepted: Element is not clickable at point (527, 743)\n  (Session info: chrome=134.0.6998.178)\nBuild info: version: '4.28.1', revision: '73f5ad48a2'\nSystem info: os.name: 'Windows 11', os.arch: 'amd64', os.version: '10.0', java.version: '21.0.4'\nDriver info: org.openqa.selenium.chrome.ChromeDriver\nCommand: [c55664a1fb118ea2f2d73d993a40e990, clickElement {id=f.BFDE23CA00CB49540F218709CE6E7955.d.A65537E4AD76901856885A46F7890905.e.246}]\nCapabilities {acceptInsecureCerts: false, browserName: chrome, browserVersion: 134.0.6998.178, chrome: {chromedriverVersion: 134.0.6998.165 (fd886e2cb29..., userDataDir: C:\\Users\\GOPALA~1\\AppData\\L...}, fedcm:accounts: true, goog:chromeOptions: {debuggerAddress: localhost:64198}, networkConnectionEnabled: false, pageLoadStrategy: normal, platformName: windows, proxy: Proxy(), se:cdp: ws://localhost:64198/devtoo..., se:cdpVersion: 134.0.6998.178, setWindowRect: true, strictFileInteractability: false, timeouts: {implicit: 0, pageLoad: 300000, script: 30000}, unhandledPromptBehavior: dismiss and notify, webauthn:extension:credBlob: true, webauthn:extension:largeBlob: true, webauthn:extension:minPinLength: true, webauthn:extension:prf: true, webauthn:virtualAuthenticators: true}\nElement: [[ChromeDriver: chrome on windows (c55664a1fb118ea2f2d73d993a40e990)] -> xpath: //span[contains(text(),\"Select options\")]]\nSession ID: c55664a1fb118ea2f2d73d993a40e990\r\n\tat java.base/jdk.internal.reflect.DirectConstructorHandleAccessor.newInstance(DirectConstructorHandleAccessor.java:62)\r\n\tat java.base/java.lang.reflect.Constructor.newInstanceWithCaller(Constructor.java:502)\r\n\tat java.base/java.lang.reflect.Constructor.newInstance(Constructor.java:486)\r\n\tat org.openqa.selenium.remote.ErrorCodec.decode(ErrorCodec.java:167)\r\n\tat org.openqa.selenium.remote.codec.w3c.W3CHttpResponseCodec.decode(W3CHttpResponseCodec.java:138)\r\n\tat org.openqa.selenium.remote.codec.w3c.W3CHttpResponseCodec.decode(W3CHttpResponseCodec.java:50)\r\n\tat org.openqa.selenium.remote.HttpCommandExecutor.execute(HttpCommandExecutor.java:215)\r\n\tat org.openqa.selenium.remote.service.DriverCommandExecutor.invokeExecute(DriverCommandExecutor.java:216)\r\n\tat org.openqa.selenium.remote.service.DriverCommandExecutor.execute(DriverCommandExecutor.java:174)\r\n\tat org.openqa.selenium.remote.RemoteWebDriver.execute(RemoteWebDriver.java:545)\r\n\tat org.openqa.selenium.remote.RemoteWebElement.execute(RemoteWebElement.java:223)\r\n\tat org.openqa.selenium.remote.RemoteWebElement.click(RemoteWebElement.java:76)\r\n\tat java.base/jdk.internal.reflect.DirectMethodHandleAccessor.invoke(DirectMethodHandleAccessor.java:103)\r\n\tat java.base/java.lang.reflect.Method.invoke(Method.java:580)\r\n\tat org.openqa.selenium.support.pagefactory.internal.LocatingElementHandler.invoke(LocatingElementHandler.java:51)\r\n\tat jdk.proxy2/jdk.proxy2.$Proxy23.click(Unknown Source)\r\n\tat pageObjects.cartPageObj.selectOptions(cartPageObj.java:54)\r\n\tat stepDefinitions.cartStepDef.select_the_product(cartStepDef.java:61)\r\n\tat ✽.Select the product(file:///G:/Testing/Learnings/Eclipse/BlissPads/src/test/java/features/productsTocart.feature:11)\r\n"},"stage":"finished","steps":[],"attachments":[],"parameters":[],"start":1743575474293,"stop":1743575478508},{"name":"And click on add to cart","status":"skipped","statusDetails":{"known":false,"muted":false,"flaky":false},"stage":"finished","steps":[],"attachments":[],"parameters":[],"start":1743575478512,"stop":1743575478514},{"name":"Then I verify products are added to the cart","status":"skipped","statusDetails":{"known":false,"muted":false,"flaky":false},"stage":"finished","steps":[],"attachments":[],"parameters":[],"start":1743575478514,"stop":1743575478514}],"attachments":[],"parameters":[],"start":1743575452197,"stop":1743575478856}